2026-02-05 21:05:11 INFO  com.example.paymentapp.PaymentappApplication - Starting PaymentappApplication using Java 17.0.12 with PID 36088 (C:\Users\tejasvi.singh\eclipse-workspace\paymentapp\target\classes started by tejasvi.singh in C:\Users\tejasvi.singh\eclipse-workspace\paymentapp)
2026-02-05 21:05:11 INFO  com.example.paymentapp.PaymentappApplication - No active profile set, falling back to 1 default profile: "default"
2026-02-05 21:05:14 INFO  org.springframework.cloud.context.scope.GenericScope - BeanFactory id=665ee3a2-a2dd-3ec9-9050-16c76b8f07a9
2026-02-05 21:05:15 INFO  org.springframework.boot.web.embedded.tomcat.TomcatWebServer - Tomcat initialized with port 8090 (http)
2026-02-05 21:05:15 INFO  org.apache.coyote.http11.Http11NioProtocol - Initializing ProtocolHandler ["http-nio-8090"]
2026-02-05 21:05:15 INFO  org.apache.catalina.core.StandardService - Starting service [Tomcat]
2026-02-05 21:05:15 INFO  org.apache.catalina.core.StandardEngine - Starting Servlet engine: [Apache Tomcat/10.1.48]
2026-02-05 21:05:15 INFO  org.apache.catalina.core.ContainerBase.[Tomcat].[localhost].[/] - Initializing Spring embedded WebApplicationContext
2026-02-05 21:05:15 INFO  org.springframework.boot.web.servlet.context.ServletWebServerApplicationContext - Root WebApplicationContext: initialization completed in 4203 ms
2026-02-05 21:05:22 INFO  org.springframework.cloud.netflix.eureka.config.DiscoveryClientOptionalArgsConfiguration - Eureka HTTP Client uses RestTemplate.
2026-02-05 21:05:22 WARN  org.springframework.cloud.loadbalancer.config.LoadBalancerCacheAutoConfiguration$LoadBalancerCaffeineWarnLogger - Spring Cloud LoadBalancer is currently working with the default cache. While this cache implementation is useful for development and tests, it's recommended to use Caffeine cache in production.You can switch to using Caffeine cache, by adding it and org.springframework.cache.caffeine.CaffeineCacheManager to the classpath.
2026-02-05 21:05:23 INFO  org.springframework.cloud.netflix.eureka.InstanceInfoFactory - Setting initial instance status as: STARTING
2026-02-05 21:05:23 INFO  com.netflix.discovery.DiscoveryClient - Initializing Eureka in region us-east-1
2026-02-05 21:05:23 INFO  com.netflix.discovery.shared.resolver.aws.ConfigClusterResolver - Resolving eureka endpoints via configuration
2026-02-05 21:05:23 INFO  com.netflix.discovery.DiscoveryClient - Disable delta property : false
2026-02-05 21:05:23 INFO  com.netflix.discovery.DiscoveryClient - Single vip registry refresh property : null
2026-02-05 21:05:23 INFO  com.netflix.discovery.DiscoveryClient - Force full registry fetch : false
2026-02-05 21:05:23 INFO  com.netflix.discovery.DiscoveryClient - Application is null : false
2026-02-05 21:05:23 INFO  com.netflix.discovery.DiscoveryClient - Registered Applications size is zero : true
2026-02-05 21:05:23 INFO  com.netflix.discovery.DiscoveryClient - Application version is -1: true
2026-02-05 21:05:23 INFO  com.netflix.discovery.DiscoveryClient - Getting all instance registry info from the eureka server
2026-02-05 21:05:24 INFO  com.netflix.discovery.DiscoveryClient - The response status is 200
2026-02-05 21:05:24 INFO  com.netflix.discovery.DiscoveryClient - Starting heartbeat executor: renew interval is: 30
2026-02-05 21:05:24 INFO  com.netflix.discovery.InstanceInfoReplicator - InstanceInfoReplicator onDemand update allowed rate per min is 4
2026-02-05 21:05:24 INFO  com.netflix.discovery.DiscoveryClient - Discovery Client initialized at timestamp 1770305724569 with initial instances count: 2
2026-02-05 21:05:24 INFO  org.springframework.cloud.netflix.eureka.serviceregistry.EurekaServiceRegistry - Registering application PAYMENT-SERVICE with eureka with status UP
2026-02-05 21:05:24 INFO  com.netflix.discovery.DiscoveryClient - Saw local status change event StatusChangeEvent [timestamp=1770305724600, current=UP, previous=STARTING]
2026-02-05 21:05:24 INFO  com.netflix.discovery.DiscoveryClient - DiscoveryClient_PAYMENT-SERVICE/host.docker.internal:payment-service:8090: registering service...
2026-02-05 21:05:24 INFO  org.apache.coyote.http11.Http11NioProtocol - Starting ProtocolHandler ["http-nio-8090"]
2026-02-05 21:05:24 INFO  com.netflix.discovery.DiscoveryClient - DiscoveryClient_PAYMENT-SERVICE/host.docker.internal:payment-service:8090 - registration status: 204
2026-02-05 21:05:24 INFO  org.springframework.boot.web.embedded.tomcat.TomcatWebServer - Tomcat started on port 8090 (http) with context path '/'
2026-02-05 21:05:24 INFO  org.springframework.cloud.netflix.eureka.serviceregistry.EurekaAutoServiceRegistration - Updating port to 8090
2026-02-05 21:05:25 INFO  com.example.paymentapp.PaymentappApplication - Started PaymentappApplication in 15.604 seconds (process running for 16.988)
2026-02-05 21:09:29 INFO  org.springframework.boot.admin.SpringApplicationAdminMXBeanRegistrar$SpringApplicationAdmin - Application shutdown requested.
2026-02-05 21:09:29 INFO  org.springframework.cloud.netflix.eureka.serviceregistry.EurekaServiceRegistry - Unregistering application PAYMENT-SERVICE with eureka with status DOWN
2026-02-05 21:09:29 INFO  com.netflix.discovery.DiscoveryClient - Saw local status change event StatusChangeEvent [timestamp=1770305969332, current=DOWN, previous=UP]
2026-02-05 21:09:29 INFO  com.netflix.discovery.DiscoveryClient - DiscoveryClient_PAYMENT-SERVICE/host.docker.internal:payment-service:8090: registering service...
2026-02-05 21:09:29 INFO  org.springframework.boot.web.embedded.tomcat.GracefulShutdown - Commencing graceful shutdown. Waiting for active requests to complete
2026-02-05 21:09:29 INFO  org.apache.coyote.http11.Http11NioProtocol - Pausing ProtocolHandler ["http-nio-8090"]
2026-02-05 21:09:29 INFO  com.netflix.discovery.DiscoveryClient - DiscoveryClient_PAYMENT-SERVICE/host.docker.internal:payment-service:8090 - registration status: 204
2026-02-05 21:09:30 INFO  org.springframework.boot.web.embedded.tomcat.GracefulShutdown - Graceful shutdown complete
2026-02-05 21:09:30 INFO  org.apache.coyote.http11.Http11NioProtocol - Stopping ProtocolHandler ["http-nio-8090"]
2026-02-05 21:09:30 INFO  com.netflix.discovery.DiscoveryClient - Shutting down DiscoveryClient ...
2026-02-05 21:09:33 INFO  com.netflix.discovery.DiscoveryClient - Unregistering ...
2026-02-05 21:09:33 INFO  com.netflix.discovery.DiscoveryClient - DiscoveryClient_PAYMENT-SERVICE/host.docker.internal:payment-service:8090 - deregister  status: 200
2026-02-05 21:09:33 INFO  com.netflix.discovery.DiscoveryClient - Completed shut down of DiscoveryClient
2026-02-05 21:09:36 INFO  com.example.paymentapp.PaymentappApplication - Starting PaymentappApplication using Java 17.0.12 with PID 30992 (C:\Users\tejasvi.singh\eclipse-workspace\paymentapp\target\classes started by tejasvi.singh in C:\Users\tejasvi.singh\eclipse-workspace\paymentapp)
2026-02-05 21:09:36 INFO  com.example.paymentapp.PaymentappApplication - No active profile set, falling back to 1 default profile: "default"
2026-02-05 21:09:37 INFO  org.springframework.cloud.context.scope.GenericScope - BeanFactory id=665ee3a2-a2dd-3ec9-9050-16c76b8f07a9
2026-02-05 21:09:37 INFO  org.springframework.boot.web.embedded.tomcat.TomcatWebServer - Tomcat initialized with port 8090 (http)
2026-02-05 21:09:37 INFO  org.apache.coyote.http11.Http11NioProtocol - Initializing ProtocolHandler ["http-nio-8090"]
2026-02-05 21:09:37 INFO  org.apache.catalina.core.StandardService - Starting service [Tomcat]
2026-02-05 21:09:37 INFO  org.apache.catalina.core.StandardEngine - Starting Servlet engine: [Apache Tomcat/10.1.48]
2026-02-05 21:09:37 INFO  org.apache.catalina.core.ContainerBase.[Tomcat].[localhost].[/] - Initializing Spring embedded WebApplicationContext
2026-02-05 21:09:37 INFO  org.springframework.boot.web.servlet.context.ServletWebServerApplicationContext - Root WebApplicationContext: initialization completed in 1040 ms
2026-02-05 21:09:39 INFO  org.springframework.cloud.netflix.eureka.config.DiscoveryClientOptionalArgsConfiguration - Eureka HTTP Client uses RestTemplate.
2026-02-05 21:09:39 WARN  org.springframework.cloud.loadbalancer.config.LoadBalancerCacheAutoConfiguration$LoadBalancerCaffeineWarnLogger - Spring Cloud LoadBalancer is currently working with the default cache. While this cache implementation is useful for development and tests, it's recommended to use Caffeine cache in production.You can switch to using Caffeine cache, by adding it and org.springframework.cache.caffeine.CaffeineCacheManager to the classpath.
2026-02-05 21:09:39 INFO  org.springframework.cloud.netflix.eureka.InstanceInfoFactory - Setting initial instance status as: STARTING
2026-02-05 21:09:39 INFO  com.netflix.discovery.DiscoveryClient - Initializing Eureka in region us-east-1
2026-02-05 21:09:39 INFO  com.netflix.discovery.shared.resolver.aws.ConfigClusterResolver - Resolving eureka endpoints via configuration
2026-02-05 21:09:39 INFO  com.netflix.discovery.DiscoveryClient - Disable delta property : false
2026-02-05 21:09:39 INFO  com.netflix.discovery.DiscoveryClient - Single vip registry refresh property : null
2026-02-05 21:09:39 INFO  com.netflix.discovery.DiscoveryClient - Force full registry fetch : false
2026-02-05 21:09:39 INFO  com.netflix.discovery.DiscoveryClient - Application is null : false
2026-02-05 21:09:39 INFO  com.netflix.discovery.DiscoveryClient - Registered Applications size is zero : true
2026-02-05 21:09:39 INFO  com.netflix.discovery.DiscoveryClient - Application version is -1: true
2026-02-05 21:09:39 INFO  com.netflix.discovery.DiscoveryClient - Getting all instance registry info from the eureka server
2026-02-05 21:09:39 INFO  com.netflix.discovery.DiscoveryClient - The response status is 200
2026-02-05 21:09:39 INFO  com.netflix.discovery.DiscoveryClient - Starting heartbeat executor: renew interval is: 30
2026-02-05 21:09:39 INFO  com.netflix.discovery.InstanceInfoReplicator - InstanceInfoReplicator onDemand update allowed rate per min is 4
2026-02-05 21:09:39 INFO  com.netflix.discovery.DiscoveryClient - Discovery Client initialized at timestamp 1770305979606 with initial instances count: 3
2026-02-05 21:09:39 INFO  org.springframework.cloud.netflix.eureka.serviceregistry.EurekaServiceRegistry - Registering application PAYMENT-SERVICE with eureka with status UP
2026-02-05 21:09:39 INFO  com.netflix.discovery.DiscoveryClient - Saw local status change event StatusChangeEvent [timestamp=1770305979610, current=UP, previous=STARTING]
2026-02-05 21:09:39 INFO  org.apache.coyote.http11.Http11NioProtocol - Starting ProtocolHandler ["http-nio-8090"]
2026-02-05 21:09:39 INFO  com.netflix.discovery.DiscoveryClient - DiscoveryClient_PAYMENT-SERVICE/host.docker.internal:payment-service:8090: registering service...
2026-02-05 21:09:39 INFO  org.springframework.boot.web.embedded.tomcat.TomcatWebServer - Tomcat started on port 8090 (http) with context path '/'
2026-02-05 21:09:39 INFO  org.springframework.cloud.netflix.eureka.serviceregistry.EurekaAutoServiceRegistration - Updating port to 8090
2026-02-05 21:09:39 INFO  com.netflix.discovery.DiscoveryClient - DiscoveryClient_PAYMENT-SERVICE/host.docker.internal:payment-service:8090 - registration status: 204
2026-02-05 21:09:40 INFO  com.example.paymentapp.PaymentappApplication - Started PaymentappApplication in 4.47 seconds (process running for 5.272)
2026-02-05 21:09:50 INFO  org.apache.catalina.core.ContainerBase.[Tomcat].[localhost].[/] - Initializing Spring DispatcherServlet 'dispatcherServlet'
2026-02-05 21:09:50 INFO  org.springframework.web.servlet.DispatcherServlet - Initializing Servlet 'dispatcherServlet'
2026-02-05 21:09:50 INFO  org.springframework.web.servlet.DispatcherServlet - Completed initialization in 0 ms
2026-02-05 21:09:50 INFO  com.example.paymentapp.PaymentController - key_id: rzp_test_pxUPmrfzQX2iIG
2026-02-05 21:10:53 INFO  org.springframework.boot.admin.SpringApplicationAdminMXBeanRegistrar$SpringApplicationAdmin - Application shutdown requested.
2026-02-05 21:10:53 INFO  org.springframework.cloud.netflix.eureka.serviceregistry.EurekaServiceRegistry - Unregistering application PAYMENT-SERVICE with eureka with status DOWN
2026-02-05 21:10:53 INFO  com.netflix.discovery.DiscoveryClient - Saw local status change event StatusChangeEvent [timestamp=1770306053028, current=DOWN, previous=UP]
2026-02-05 21:10:53 INFO  com.netflix.discovery.DiscoveryClient - DiscoveryClient_PAYMENT-SERVICE/host.docker.internal:payment-service:8090: registering service...
2026-02-05 21:10:53 INFO  org.springframework.boot.web.embedded.tomcat.GracefulShutdown - Commencing graceful shutdown. Waiting for active requests to complete
2026-02-05 21:10:53 INFO  org.apache.coyote.http11.Http11NioProtocol - Pausing ProtocolHandler ["http-nio-8090"]
2026-02-05 21:10:53 INFO  com.netflix.discovery.DiscoveryClient - DiscoveryClient_PAYMENT-SERVICE/host.docker.internal:payment-service:8090 - registration status: 204
2026-02-05 21:10:54 INFO  org.springframework.boot.web.embedded.tomcat.GracefulShutdown - Graceful shutdown complete
2026-02-05 21:10:54 INFO  org.apache.coyote.http11.Http11NioProtocol - Stopping ProtocolHandler ["http-nio-8090"]
2026-02-05 21:10:54 INFO  com.netflix.discovery.DiscoveryClient - Shutting down DiscoveryClient ...
2026-02-05 21:10:57 INFO  com.netflix.discovery.DiscoveryClient - Unregistering ...
2026-02-05 21:10:57 INFO  com.netflix.discovery.DiscoveryClient - DiscoveryClient_PAYMENT-SERVICE/host.docker.internal:payment-service:8090 - deregister  status: 200
2026-02-05 21:10:57 INFO  com.netflix.discovery.DiscoveryClient - Completed shut down of DiscoveryClient
2026-02-05 21:11:01 INFO  com.example.paymentapp.PaymentappApplication - Starting PaymentappApplication using Java 17.0.12 with PID 13480 (C:\Users\tejasvi.singh\eclipse-workspace\paymentapp\target\classes started by tejasvi.singh in C:\Users\tejasvi.singh\eclipse-workspace\paymentapp)
2026-02-05 21:11:01 INFO  com.example.paymentapp.PaymentappApplication - No active profile set, falling back to 1 default profile: "default"
2026-02-05 21:11:02 INFO  org.springframework.cloud.context.scope.GenericScope - BeanFactory id=665ee3a2-a2dd-3ec9-9050-16c76b8f07a9
2026-02-05 21:11:03 INFO  org.springframework.boot.web.embedded.tomcat.TomcatWebServer - Tomcat initialized with port 8090 (http)
2026-02-05 21:11:03 INFO  org.apache.coyote.http11.Http11NioProtocol - Initializing ProtocolHandler ["http-nio-8090"]
2026-02-05 21:11:03 INFO  org.apache.catalina.core.StandardService - Starting service [Tomcat]
2026-02-05 21:11:03 INFO  org.apache.catalina.core.StandardEngine - Starting Servlet engine: [Apache Tomcat/10.1.48]
2026-02-05 21:11:03 INFO  org.apache.catalina.core.ContainerBase.[Tomcat].[localhost].[/] - Initializing Spring embedded WebApplicationContext
2026-02-05 21:11:03 INFO  org.springframework.boot.web.servlet.context.ServletWebServerApplicationContext - Root WebApplicationContext: initialization completed in 1920 ms
2026-02-05 21:11:10 INFO  org.springframework.cloud.netflix.eureka.config.DiscoveryClientOptionalArgsConfiguration - Eureka HTTP Client uses RestTemplate.
2026-02-05 21:11:10 WARN  org.springframework.cloud.loadbalancer.config.LoadBalancerCacheAutoConfiguration$LoadBalancerCaffeineWarnLogger - Spring Cloud LoadBalancer is currently working with the default cache. While this cache implementation is useful for development and tests, it's recommended to use Caffeine cache in production.You can switch to using Caffeine cache, by adding it and org.springframework.cache.caffeine.CaffeineCacheManager to the classpath.
2026-02-05 21:11:11 INFO  org.springframework.cloud.netflix.eureka.InstanceInfoFactory - Setting initial instance status as: STARTING
2026-02-05 21:11:11 INFO  com.netflix.discovery.DiscoveryClient - Initializing Eureka in region us-east-1
2026-02-05 21:11:11 INFO  com.netflix.discovery.shared.resolver.aws.ConfigClusterResolver - Resolving eureka endpoints via configuration
2026-02-05 21:11:11 INFO  com.netflix.discovery.DiscoveryClient - Disable delta property : false
2026-02-05 21:11:11 INFO  com.netflix.discovery.DiscoveryClient - Single vip registry refresh property : null
2026-02-05 21:11:11 INFO  com.netflix.discovery.DiscoveryClient - Force full registry fetch : false
2026-02-05 21:11:11 INFO  com.netflix.discovery.DiscoveryClient - Application is null : false
2026-02-05 21:11:11 INFO  com.netflix.discovery.DiscoveryClient - Registered Applications size is zero : true
2026-02-05 21:11:11 INFO  com.netflix.discovery.DiscoveryClient - Application version is -1: true
2026-02-05 21:11:11 INFO  com.netflix.discovery.DiscoveryClient - Getting all instance registry info from the eureka server
2026-02-05 21:11:12 INFO  com.netflix.discovery.DiscoveryClient - The response status is 200
2026-02-05 21:11:12 INFO  com.netflix.discovery.DiscoveryClient - Starting heartbeat executor: renew interval is: 30
2026-02-05 21:11:12 INFO  com.netflix.discovery.InstanceInfoReplicator - InstanceInfoReplicator onDemand update allowed rate per min is 4
2026-02-05 21:11:12 INFO  com.netflix.discovery.DiscoveryClient - Discovery Client initialized at timestamp 1770306072644 with initial instances count: 2
2026-02-05 21:11:12 INFO  org.springframework.cloud.netflix.eureka.serviceregistry.EurekaServiceRegistry - Registering application PAYMENT-SERVICE with eureka with status UP
2026-02-05 21:11:12 INFO  com.netflix.discovery.DiscoveryClient - Saw local status change event StatusChangeEvent [timestamp=1770306072660, current=UP, previous=STARTING]
2026-02-05 21:11:12 INFO  org.apache.coyote.http11.Http11NioProtocol - Starting ProtocolHandler ["http-nio-8090"]
2026-02-05 21:11:12 INFO  com.netflix.discovery.DiscoveryClient - DiscoveryClient_PAYMENT-SERVICE/host.docker.internal:payment-service:8090: registering service...
2026-02-05 21:11:12 INFO  org.springframework.boot.web.embedded.tomcat.TomcatWebServer - Tomcat started on port 8090 (http) with context path '/'
2026-02-05 21:11:12 INFO  org.springframework.cloud.netflix.eureka.serviceregistry.EurekaAutoServiceRegistration - Updating port to 8090
2026-02-05 21:11:12 INFO  com.netflix.discovery.DiscoveryClient - DiscoveryClient_PAYMENT-SERVICE/host.docker.internal:payment-service:8090 - registration status: 204
2026-02-05 21:11:15 INFO  com.example.paymentapp.PaymentappApplication - Started PaymentappApplication in 14.875 seconds (process running for 15.905)
2026-02-05 21:11:40 INFO  org.springframework.boot.admin.SpringApplicationAdminMXBeanRegistrar$SpringApplicationAdmin - Application shutdown requested.
2026-02-05 21:11:40 INFO  org.springframework.cloud.netflix.eureka.serviceregistry.EurekaServiceRegistry - Unregistering application PAYMENT-SERVICE with eureka with status DOWN
2026-02-05 21:11:40 INFO  com.netflix.discovery.DiscoveryClient - Saw local status change event StatusChangeEvent [timestamp=1770306100164, current=DOWN, previous=UP]
2026-02-05 21:11:40 INFO  com.netflix.discovery.DiscoveryClient - DiscoveryClient_PAYMENT-SERVICE/host.docker.internal:payment-service:8090: registering service...
2026-02-05 21:11:40 INFO  org.springframework.boot.web.embedded.tomcat.GracefulShutdown - Commencing graceful shutdown. Waiting for active requests to complete
2026-02-05 21:11:40 INFO  org.apache.coyote.http11.Http11NioProtocol - Pausing ProtocolHandler ["http-nio-8090"]
2026-02-05 21:11:40 INFO  com.netflix.discovery.DiscoveryClient - DiscoveryClient_PAYMENT-SERVICE/host.docker.internal:payment-service:8090 - registration status: 204
2026-02-05 21:11:41 INFO  org.springframework.boot.web.embedded.tomcat.GracefulShutdown - Graceful shutdown complete
2026-02-05 21:11:41 INFO  org.apache.coyote.http11.Http11NioProtocol - Stopping ProtocolHandler ["http-nio-8090"]
2026-02-05 21:11:41 INFO  com.netflix.discovery.DiscoveryClient - Shutting down DiscoveryClient ...
2026-02-05 21:11:44 INFO  com.netflix.discovery.DiscoveryClient - Unregistering ...
2026-02-05 21:11:44 WARN  com.netflix.discovery.TimedSupervisorTask - task supervisor shutting down, can't accept the task
2026-02-05 21:11:44 INFO  com.netflix.discovery.DiscoveryClient - DiscoveryClient_PAYMENT-SERVICE/host.docker.internal:payment-service:8090 - deregister  status: 200
2026-02-05 21:11:44 INFO  com.netflix.discovery.DiscoveryClient - Completed shut down of DiscoveryClient
2026-02-05 21:11:47 INFO  com.example.paymentapp.PaymentappApplication - Starting PaymentappApplication using Java 17.0.12 with PID 38488 (C:\Users\tejasvi.singh\eclipse-workspace\paymentapp\target\classes started by tejasvi.singh in C:\Users\tejasvi.singh\eclipse-workspace\paymentapp)
2026-02-05 21:11:47 INFO  com.example.paymentapp.PaymentappApplication - No active profile set, falling back to 1 default profile: "default"
2026-02-05 21:11:48 INFO  org.springframework.cloud.context.scope.GenericScope - BeanFactory id=665ee3a2-a2dd-3ec9-9050-16c76b8f07a9
2026-02-05 21:11:48 INFO  org.springframework.boot.web.embedded.tomcat.TomcatWebServer - Tomcat initialized with port 8090 (http)
2026-02-05 21:11:48 INFO  org.apache.coyote.http11.Http11NioProtocol - Initializing ProtocolHandler ["http-nio-8090"]
2026-02-05 21:11:48 INFO  org.apache.catalina.core.StandardService - Starting service [Tomcat]
2026-02-05 21:11:48 INFO  org.apache.catalina.core.StandardEngine - Starting Servlet engine: [Apache Tomcat/10.1.48]
2026-02-05 21:11:48 INFO  org.apache.catalina.core.ContainerBase.[Tomcat].[localhost].[/] - Initializing Spring embedded WebApplicationContext
2026-02-05 21:11:48 INFO  org.springframework.boot.web.servlet.context.ServletWebServerApplicationContext - Root WebApplicationContext: initialization completed in 873 ms
2026-02-05 21:11:49 INFO  org.springframework.cloud.netflix.eureka.config.DiscoveryClientOptionalArgsConfiguration - Eureka HTTP Client uses RestTemplate.
2026-02-05 21:11:49 WARN  org.springframework.cloud.loadbalancer.config.LoadBalancerCacheAutoConfiguration$LoadBalancerCaffeineWarnLogger - Spring Cloud LoadBalancer is currently working with the default cache. While this cache implementation is useful for development and tests, it's recommended to use Caffeine cache in production.You can switch to using Caffeine cache, by adding it and org.springframework.cache.caffeine.CaffeineCacheManager to the classpath.
2026-02-05 21:11:50 INFO  org.springframework.cloud.netflix.eureka.InstanceInfoFactory - Setting initial instance status as: STARTING
2026-02-05 21:11:50 INFO  com.netflix.discovery.DiscoveryClient - Initializing Eureka in region us-east-1
2026-02-05 21:11:50 INFO  com.netflix.discovery.shared.resolver.aws.ConfigClusterResolver - Resolving eureka endpoints via configuration
2026-02-05 21:11:50 INFO  com.netflix.discovery.DiscoveryClient - Disable delta property : false
2026-02-05 21:11:50 INFO  com.netflix.discovery.DiscoveryClient - Single vip registry refresh property : null
2026-02-05 21:11:50 INFO  com.netflix.discovery.DiscoveryClient - Force full registry fetch : false
2026-02-05 21:11:50 INFO  com.netflix.discovery.DiscoveryClient - Application is null : false
2026-02-05 21:11:50 INFO  com.netflix.discovery.DiscoveryClient - Registered Applications size is zero : true
2026-02-05 21:11:50 INFO  com.netflix.discovery.DiscoveryClient - Application version is -1: true
2026-02-05 21:11:50 INFO  com.netflix.discovery.DiscoveryClient - Getting all instance registry info from the eureka server
2026-02-05 21:11:50 INFO  com.netflix.discovery.DiscoveryClient - The response status is 200
2026-02-05 21:11:50 INFO  com.netflix.discovery.DiscoveryClient - Starting heartbeat executor: renew interval is: 30
2026-02-05 21:11:50 INFO  com.netflix.discovery.InstanceInfoReplicator - InstanceInfoReplicator onDemand update allowed rate per min is 4
2026-02-05 21:11:50 INFO  com.netflix.discovery.DiscoveryClient - Discovery Client initialized at timestamp 1770306110443 with initial instances count: 3
2026-02-05 21:11:50 INFO  org.springframework.cloud.netflix.eureka.serviceregistry.EurekaServiceRegistry - Registering application PAYMENT-SERVICE with eureka with status UP
2026-02-05 21:11:50 INFO  com.netflix.discovery.DiscoveryClient - Saw local status change event StatusChangeEvent [timestamp=1770306110447, current=UP, previous=STARTING]
2026-02-05 21:11:50 INFO  org.apache.coyote.http11.Http11NioProtocol - Starting ProtocolHandler ["http-nio-8090"]
2026-02-05 21:11:50 INFO  com.netflix.discovery.DiscoveryClient - DiscoveryClient_PAYMENT-SERVICE/host.docker.internal:payment-service:8090: registering service...
2026-02-05 21:11:50 INFO  org.springframework.boot.web.embedded.tomcat.TomcatWebServer - Tomcat started on port 8090 (http) with context path '/'
2026-02-05 21:11:50 INFO  org.springframework.cloud.netflix.eureka.serviceregistry.EurekaAutoServiceRegistration - Updating port to 8090
2026-02-05 21:11:50 INFO  com.netflix.discovery.DiscoveryClient - DiscoveryClient_PAYMENT-SERVICE/host.docker.internal:payment-service:8090 - registration status: 204
2026-02-05 21:11:50 INFO  com.example.paymentapp.PaymentappApplication - Started PaymentappApplication in 3.903 seconds (process running for 4.721)
2026-02-05 21:13:01 INFO  org.apache.catalina.core.ContainerBase.[Tomcat].[localhost].[/] - Initializing Spring DispatcherServlet 'dispatcherServlet'
2026-02-05 21:13:01 INFO  org.springframework.web.servlet.DispatcherServlet - Initializing Servlet 'dispatcherServlet'
2026-02-05 21:13:01 INFO  org.springframework.web.servlet.DispatcherServlet - Completed initialization in 8 ms
2026-02-05 21:13:01 INFO  com.example.paymentapp.PaymentController - key_id: rzp_test_pxUPmrfzQX2iIG
2026-02-05 21:15:10 INFO  com.example.paymentapp.PaymentController - key_id: rzp_test_pxUPmrfzQX2iIG
2026-02-05 21:16:50 INFO  com.netflix.discovery.shared.resolver.aws.ConfigClusterResolver - Resolving eureka endpoints via configuration
2026-02-05 22:24:41 INFO  com.netflix.discovery.shared.resolver.aws.ConfigClusterResolver - Resolving eureka endpoints via configuration
2026-02-05 22:24:59 INFO  org.springframework.boot.admin.SpringApplicationAdminMXBeanRegistrar$SpringApplicationAdmin - Application shutdown requested.
2026-02-05 22:24:59 INFO  org.springframework.cloud.netflix.eureka.serviceregistry.EurekaServiceRegistry - Unregistering application PAYMENT-SERVICE with eureka with status DOWN
2026-02-05 22:24:59 INFO  com.netflix.discovery.DiscoveryClient - Saw local status change event StatusChangeEvent [timestamp=1770310499467, current=DOWN, previous=UP]
2026-02-05 22:24:59 INFO  com.netflix.discovery.DiscoveryClient - DiscoveryClient_PAYMENT-SERVICE/host.docker.internal:payment-service:8090: registering service...
2026-02-05 22:24:59 INFO  org.springframework.boot.web.embedded.tomcat.GracefulShutdown - Commencing graceful shutdown. Waiting for active requests to complete
2026-02-05 22:24:59 INFO  org.apache.coyote.http11.Http11NioProtocol - Pausing ProtocolHandler ["http-nio-8090"]
2026-02-05 22:24:59 INFO  com.netflix.discovery.DiscoveryClient - DiscoveryClient_PAYMENT-SERVICE/host.docker.internal:payment-service:8090 - registration status: 204
2026-02-05 22:25:00 INFO  org.springframework.boot.web.embedded.tomcat.GracefulShutdown - Graceful shutdown complete
2026-02-05 22:25:00 INFO  org.apache.coyote.http11.Http11NioProtocol - Stopping ProtocolHandler ["http-nio-8090"]
2026-02-05 22:25:00 INFO  com.netflix.discovery.DiscoveryClient - Shutting down DiscoveryClient ...
2026-02-05 22:25:03 INFO  com.netflix.discovery.DiscoveryClient - Unregistering ...
2026-02-05 22:25:03 INFO  com.netflix.discovery.DiscoveryClient - DiscoveryClient_PAYMENT-SERVICE/host.docker.internal:payment-service:8090 - deregister  status: 200
2026-02-05 22:25:03 INFO  com.netflix.discovery.DiscoveryClient - Completed shut down of DiscoveryClient
2026-02-05 22:25:07 INFO  com.example.paymentapp.PaymentappApplication - Starting PaymentappApplication using Java 17.0.12 with PID 42324 (C:\Users\tejasvi.singh\eclipse-workspace\paymentapp\target\classes started by tejasvi.singh in C:\Users\tejasvi.singh\eclipse-workspace\paymentapp)
2026-02-05 22:25:07 INFO  com.example.paymentapp.PaymentappApplication - No active profile set, falling back to 1 default profile: "default"
2026-02-05 22:25:08 INFO  org.springframework.cloud.context.scope.GenericScope - BeanFactory id=665ee3a2-a2dd-3ec9-9050-16c76b8f07a9
2026-02-05 22:25:08 INFO  org.springframework.boot.web.embedded.tomcat.TomcatWebServer - Tomcat initialized with port 8090 (http)
2026-02-05 22:25:08 INFO  org.apache.coyote.http11.Http11NioProtocol - Initializing ProtocolHandler ["http-nio-8090"]
2026-02-05 22:25:08 INFO  org.apache.catalina.core.StandardService - Starting service [Tomcat]
2026-02-05 22:25:08 INFO  org.apache.catalina.core.StandardEngine - Starting Servlet engine: [Apache Tomcat/10.1.48]
2026-02-05 22:25:08 INFO  org.apache.catalina.core.ContainerBase.[Tomcat].[localhost].[/] - Initializing Spring embedded WebApplicationContext
2026-02-05 22:25:08 INFO  org.springframework.boot.web.servlet.context.ServletWebServerApplicationContext - Root WebApplicationContext: initialization completed in 1270 ms
2026-02-05 22:25:10 INFO  org.springframework.cloud.netflix.eureka.config.DiscoveryClientOptionalArgsConfiguration - Eureka HTTP Client uses RestTemplate.
2026-02-05 22:25:10 WARN  org.springframework.cloud.loadbalancer.config.LoadBalancerCacheAutoConfiguration$LoadBalancerCaffeineWarnLogger - Spring Cloud LoadBalancer is currently working with the default cache. While this cache implementation is useful for development and tests, it's recommended to use Caffeine cache in production.You can switch to using Caffeine cache, by adding it and org.springframework.cache.caffeine.CaffeineCacheManager to the classpath.
2026-02-05 22:25:10 INFO  org.springframework.cloud.netflix.eureka.InstanceInfoFactory - Setting initial instance status as: STARTING
2026-02-05 22:25:10 INFO  com.netflix.discovery.DiscoveryClient - Initializing Eureka in region us-east-1
2026-02-05 22:25:10 INFO  com.netflix.discovery.shared.resolver.aws.ConfigClusterResolver - Resolving eureka endpoints via configuration
2026-02-05 22:25:10 INFO  com.netflix.discovery.DiscoveryClient - Disable delta property : false
2026-02-05 22:25:10 INFO  com.netflix.discovery.DiscoveryClient - Single vip registry refresh property : null
2026-02-05 22:25:10 INFO  com.netflix.discovery.DiscoveryClient - Force full registry fetch : false
2026-02-05 22:25:10 INFO  com.netflix.discovery.DiscoveryClient - Application is null : false
2026-02-05 22:25:10 INFO  com.netflix.discovery.DiscoveryClient - Registered Applications size is zero : true
2026-02-05 22:25:10 INFO  com.netflix.discovery.DiscoveryClient - Application version is -1: true
2026-02-05 22:25:10 INFO  com.netflix.discovery.DiscoveryClient - Getting all instance registry info from the eureka server
2026-02-05 22:25:11 INFO  com.netflix.discovery.DiscoveryClient - The response status is 200
2026-02-05 22:25:11 INFO  com.netflix.discovery.DiscoveryClient - Starting heartbeat executor: renew interval is: 30
2026-02-05 22:25:11 INFO  com.netflix.discovery.InstanceInfoReplicator - InstanceInfoReplicator onDemand update allowed rate per min is 4
2026-02-05 22:25:11 INFO  com.netflix.discovery.DiscoveryClient - Discovery Client initialized at timestamp 1770310511150 with initial instances count: 3
2026-02-05 22:25:11 INFO  org.springframework.cloud.netflix.eureka.serviceregistry.EurekaServiceRegistry - Registering application PAYMENT-SERVICE with eureka with status UP
2026-02-05 22:25:11 INFO  com.netflix.discovery.DiscoveryClient - Saw local status change event StatusChangeEvent [timestamp=1770310511155, current=UP, previous=STARTING]
2026-02-05 22:25:11 INFO  org.apache.coyote.http11.Http11NioProtocol - Starting ProtocolHandler ["http-nio-8090"]
2026-02-05 22:25:11 INFO  com.netflix.discovery.DiscoveryClient - DiscoveryClient_PAYMENT-SERVICE/host.docker.internal:payment-service:8090: registering service...
2026-02-05 22:25:11 INFO  org.springframework.boot.web.embedded.tomcat.TomcatWebServer - Tomcat started on port 8090 (http) with context path '/'
2026-02-05 22:25:11 INFO  org.springframework.cloud.netflix.eureka.serviceregistry.EurekaAutoServiceRegistration - Updating port to 8090
2026-02-05 22:25:11 INFO  com.netflix.discovery.DiscoveryClient - DiscoveryClient_PAYMENT-SERVICE/host.docker.internal:payment-service:8090 - registration status: 204
2026-02-05 22:25:11 INFO  com.example.paymentapp.PaymentappApplication - Started PaymentappApplication in 5.734 seconds (process running for 6.672)
2026-02-05 22:25:20 INFO  org.apache.catalina.core.ContainerBase.[Tomcat].[localhost].[/] - Initializing Spring DispatcherServlet 'dispatcherServlet'
2026-02-05 22:25:20 INFO  org.springframework.web.servlet.DispatcherServlet - Initializing Servlet 'dispatcherServlet'
2026-02-05 22:25:20 INFO  org.springframework.web.servlet.DispatcherServlet - Completed initialization in 0 ms
2026-02-05 22:25:20 INFO  com.example.paymentapp.PaymentController - key_id: rzp_test_SCWs4s4ZzUDkPC
2026-02-05 22:30:10 INFO  com.netflix.discovery.shared.resolver.aws.ConfigClusterResolver - Resolving eureka endpoints via configuration
2026-02-05 22:35:10 INFO  com.netflix.discovery.shared.resolver.aws.ConfigClusterResolver - Resolving eureka endpoints via configuration
2026-02-05 22:36:41 INFO  org.springframework.boot.admin.SpringApplicationAdminMXBeanRegistrar$SpringApplicationAdmin - Application shutdown requested.
2026-02-05 22:36:41 INFO  org.springframework.cloud.netflix.eureka.serviceregistry.EurekaServiceRegistry - Unregistering application PAYMENT-SERVICE with eureka with status DOWN
2026-02-05 22:36:41 INFO  com.netflix.discovery.DiscoveryClient - Saw local status change event StatusChangeEvent [timestamp=1770311201520, current=DOWN, previous=UP]
2026-02-05 22:36:41 INFO  com.netflix.discovery.DiscoveryClient - DiscoveryClient_PAYMENT-SERVICE/host.docker.internal:payment-service:8090: registering service...
2026-02-05 22:36:41 INFO  org.springframework.boot.web.embedded.tomcat.GracefulShutdown - Commencing graceful shutdown. Waiting for active requests to complete
2026-02-05 22:36:41 INFO  org.apache.coyote.http11.Http11NioProtocol - Pausing ProtocolHandler ["http-nio-8090"]
2026-02-05 22:36:41 INFO  com.netflix.discovery.DiscoveryClient - DiscoveryClient_PAYMENT-SERVICE/host.docker.internal:payment-service:8090 - registration status: 204
2026-02-05 22:36:42 INFO  org.springframework.boot.web.embedded.tomcat.GracefulShutdown - Graceful shutdown complete
2026-02-05 22:36:42 INFO  org.apache.coyote.http11.Http11NioProtocol - Stopping ProtocolHandler ["http-nio-8090"]
2026-02-05 22:36:42 INFO  com.netflix.discovery.DiscoveryClient - Shutting down DiscoveryClient ...
2026-02-05 22:36:45 INFO  com.netflix.discovery.DiscoveryClient - Unregistering ...
2026-02-05 22:36:45 INFO  com.netflix.discovery.DiscoveryClient - DiscoveryClient_PAYMENT-SERVICE/host.docker.internal:payment-service:8090 - deregister  status: 200
2026-02-05 22:36:45 INFO  com.netflix.discovery.DiscoveryClient - Completed shut down of DiscoveryClient
2026-02-05 22:36:48 INFO  com.example.paymentapp.PaymentappApplication - Starting PaymentappApplication using Java 17.0.12 with PID 36040 (C:\Users\tejasvi.singh\eclipse-workspace\paymentapp\target\classes started by tejasvi.singh in C:\Users\tejasvi.singh\eclipse-workspace\paymentapp)
2026-02-05 22:36:48 INFO  com.example.paymentapp.PaymentappApplication - No active profile set, falling back to 1 default profile: "default"
2026-02-05 22:36:49 INFO  org.springframework.cloud.context.scope.GenericScope - BeanFactory id=665ee3a2-a2dd-3ec9-9050-16c76b8f07a9
2026-02-05 22:36:49 INFO  org.springframework.boot.web.embedded.tomcat.TomcatWebServer - Tomcat initialized with port 8090 (http)
2026-02-05 22:36:49 INFO  org.apache.coyote.http11.Http11NioProtocol - Initializing ProtocolHandler ["http-nio-8090"]
2026-02-05 22:36:49 INFO  org.apache.catalina.core.StandardService - Starting service [Tomcat]
2026-02-05 22:36:49 INFO  org.apache.catalina.core.StandardEngine - Starting Servlet engine: [Apache Tomcat/10.1.48]
2026-02-05 22:36:49 INFO  org.apache.catalina.core.ContainerBase.[Tomcat].[localhost].[/] - Initializing Spring embedded WebApplicationContext
2026-02-05 22:36:49 INFO  org.springframework.boot.web.servlet.context.ServletWebServerApplicationContext - Root WebApplicationContext: initialization completed in 870 ms
2026-02-05 22:36:50 INFO  org.springframework.cloud.netflix.eureka.config.DiscoveryClientOptionalArgsConfiguration - Eureka HTTP Client uses RestTemplate.
2026-02-05 22:36:50 WARN  org.springframework.cloud.loadbalancer.config.LoadBalancerCacheAutoConfiguration$LoadBalancerCaffeineWarnLogger - Spring Cloud LoadBalancer is currently working with the default cache. While this cache implementation is useful for development and tests, it's recommended to use Caffeine cache in production.You can switch to using Caffeine cache, by adding it and org.springframework.cache.caffeine.CaffeineCacheManager to the classpath.
2026-02-05 22:36:51 INFO  org.springframework.cloud.netflix.eureka.InstanceInfoFactory - Setting initial instance status as: STARTING
2026-02-05 22:36:51 INFO  com.netflix.discovery.DiscoveryClient - Initializing Eureka in region us-east-1
2026-02-05 22:36:51 INFO  com.netflix.discovery.shared.resolver.aws.ConfigClusterResolver - Resolving eureka endpoints via configuration
2026-02-05 22:36:51 INFO  com.netflix.discovery.DiscoveryClient - Disable delta property : false
2026-02-05 22:36:51 INFO  com.netflix.discovery.DiscoveryClient - Single vip registry refresh property : null
2026-02-05 22:36:51 INFO  com.netflix.discovery.DiscoveryClient - Force full registry fetch : false
2026-02-05 22:36:51 INFO  com.netflix.discovery.DiscoveryClient - Application is null : false
2026-02-05 22:36:51 INFO  com.netflix.discovery.DiscoveryClient - Registered Applications size is zero : true
2026-02-05 22:36:51 INFO  com.netflix.discovery.DiscoveryClient - Application version is -1: true
2026-02-05 22:36:51 INFO  com.netflix.discovery.DiscoveryClient - Getting all instance registry info from the eureka server
2026-02-05 22:36:51 INFO  com.netflix.discovery.DiscoveryClient - The response status is 200
2026-02-05 22:36:51 INFO  com.netflix.discovery.DiscoveryClient - Starting heartbeat executor: renew interval is: 30
2026-02-05 22:36:51 INFO  com.netflix.discovery.InstanceInfoReplicator - InstanceInfoReplicator onDemand update allowed rate per min is 4
2026-02-05 22:36:51 INFO  com.netflix.discovery.DiscoveryClient - Discovery Client initialized at timestamp 1770311211406 with initial instances count: 3
2026-02-05 22:36:51 INFO  org.springframework.cloud.netflix.eureka.serviceregistry.EurekaServiceRegistry - Registering application PAYMENT-SERVICE with eureka with status UP
2026-02-05 22:36:51 INFO  com.netflix.discovery.DiscoveryClient - Saw local status change event StatusChangeEvent [timestamp=1770311211411, current=UP, previous=STARTING]
2026-02-05 22:36:51 INFO  com.netflix.discovery.DiscoveryClient - DiscoveryClient_PAYMENT-SERVICE/host.docker.internal:payment-service:8090: registering service...
2026-02-05 22:36:51 INFO  org.apache.coyote.http11.Http11NioProtocol - Starting ProtocolHandler ["http-nio-8090"]
2026-02-05 22:36:51 INFO  org.springframework.boot.web.embedded.tomcat.TomcatWebServer - Tomcat started on port 8090 (http) with context path '/'
2026-02-05 22:36:51 INFO  org.springframework.cloud.netflix.eureka.serviceregistry.EurekaAutoServiceRegistration - Updating port to 8090
2026-02-05 22:36:51 INFO  com.netflix.discovery.DiscoveryClient - DiscoveryClient_PAYMENT-SERVICE/host.docker.internal:payment-service:8090 - registration status: 204
2026-02-05 22:36:51 INFO  com.example.paymentapp.PaymentappApplication - Started PaymentappApplication in 4.024 seconds (process running for 4.811)
2026-02-05 22:37:19 INFO  org.apache.catalina.core.ContainerBase.[Tomcat].[localhost].[/] - Initializing Spring DispatcherServlet 'dispatcherServlet'
2026-02-05 22:37:19 INFO  org.springframework.web.servlet.DispatcherServlet - Initializing Servlet 'dispatcherServlet'
2026-02-05 22:37:19 INFO  org.springframework.web.servlet.DispatcherServlet - Completed initialization in 0 ms
2026-02-05 22:37:19 INFO  com.example.paymentapp.PaymentController - key_id: rzp_test_SCWs4s4ZzUDkPC
2026-02-05 22:39:11 INFO  org.springframework.boot.admin.SpringApplicationAdminMXBeanRegistrar$SpringApplicationAdmin - Application shutdown requested.
2026-02-05 22:39:11 INFO  org.springframework.cloud.netflix.eureka.serviceregistry.EurekaServiceRegistry - Unregistering application PAYMENT-SERVICE with eureka with status DOWN
2026-02-05 22:39:11 INFO  com.netflix.discovery.DiscoveryClient - Saw local status change event StatusChangeEvent [timestamp=1770311351977, current=DOWN, previous=UP]
2026-02-05 22:39:11 INFO  com.netflix.discovery.DiscoveryClient - DiscoveryClient_PAYMENT-SERVICE/host.docker.internal:payment-service:8090: registering service...
2026-02-05 22:39:11 INFO  org.springframework.boot.web.embedded.tomcat.GracefulShutdown - Commencing graceful shutdown. Waiting for active requests to complete
2026-02-05 22:39:11 INFO  org.apache.coyote.http11.Http11NioProtocol - Pausing ProtocolHandler ["http-nio-8090"]
2026-02-05 22:39:11 INFO  com.netflix.discovery.DiscoveryClient - DiscoveryClient_PAYMENT-SERVICE/host.docker.internal:payment-service:8090 - registration status: 204
2026-02-05 22:39:12 INFO  org.springframework.boot.web.embedded.tomcat.GracefulShutdown - Graceful shutdown complete
2026-02-05 22:39:12 INFO  org.apache.coyote.http11.Http11NioProtocol - Stopping ProtocolHandler ["http-nio-8090"]
2026-02-05 22:39:12 INFO  com.netflix.discovery.DiscoveryClient - Shutting down DiscoveryClient ...
2026-02-05 22:39:15 INFO  com.netflix.discovery.DiscoveryClient - Unregistering ...
2026-02-05 22:39:15 INFO  com.netflix.discovery.DiscoveryClient - DiscoveryClient_PAYMENT-SERVICE/host.docker.internal:payment-service:8090 - deregister  status: 200
2026-02-05 22:39:15 INFO  com.netflix.discovery.DiscoveryClient - Completed shut down of DiscoveryClient
2026-02-05 22:39:19 INFO  com.example.paymentapp.PaymentappApplication - Starting PaymentappApplication using Java 17.0.12 with PID 28548 (C:\Users\tejasvi.singh\eclipse-workspace\paymentapp\target\classes started by tejasvi.singh in C:\Users\tejasvi.singh\eclipse-workspace\paymentapp)
2026-02-05 22:39:19 INFO  com.example.paymentapp.PaymentappApplication - No active profile set, falling back to 1 default profile: "default"
2026-02-05 22:39:19 INFO  org.springframework.cloud.context.scope.GenericScope - BeanFactory id=665ee3a2-a2dd-3ec9-9050-16c76b8f07a9
2026-02-05 22:39:19 INFO  org.springframework.boot.web.embedded.tomcat.TomcatWebServer - Tomcat initialized with port 8090 (http)
2026-02-05 22:39:20 INFO  org.apache.coyote.http11.Http11NioProtocol - Initializing ProtocolHandler ["http-nio-8090"]
2026-02-05 22:39:20 INFO  org.apache.catalina.core.StandardService - Starting service [Tomcat]
2026-02-05 22:39:20 INFO  org.apache.catalina.core.StandardEngine - Starting Servlet engine: [Apache Tomcat/10.1.48]
2026-02-05 22:39:20 INFO  org.apache.catalina.core.ContainerBase.[Tomcat].[localhost].[/] - Initializing Spring embedded WebApplicationContext
2026-02-05 22:39:20 INFO  org.springframework.boot.web.servlet.context.ServletWebServerApplicationContext - Root WebApplicationContext: initialization completed in 865 ms
2026-02-05 22:39:21 INFO  org.springframework.cloud.netflix.eureka.config.DiscoveryClientOptionalArgsConfiguration - Eureka HTTP Client uses RestTemplate.
2026-02-05 22:39:21 WARN  org.springframework.cloud.loadbalancer.config.LoadBalancerCacheAutoConfiguration$LoadBalancerCaffeineWarnLogger - Spring Cloud LoadBalancer is currently working with the default cache. While this cache implementation is useful for development and tests, it's recommended to use Caffeine cache in production.You can switch to using Caffeine cache, by adding it and org.springframework.cache.caffeine.CaffeineCacheManager to the classpath.
2026-02-05 22:39:21 INFO  org.springframework.cloud.netflix.eureka.InstanceInfoFactory - Setting initial instance status as: STARTING
2026-02-05 22:39:21 INFO  com.netflix.discovery.DiscoveryClient - Initializing Eureka in region us-east-1
2026-02-05 22:39:21 INFO  com.netflix.discovery.shared.resolver.aws.ConfigClusterResolver - Resolving eureka endpoints via configuration
2026-02-05 22:39:21 INFO  com.netflix.discovery.DiscoveryClient - Disable delta property : false
2026-02-05 22:39:21 INFO  com.netflix.discovery.DiscoveryClient - Single vip registry refresh property : null
2026-02-05 22:39:21 INFO  com.netflix.discovery.DiscoveryClient - Force full registry fetch : false
2026-02-05 22:39:21 INFO  com.netflix.discovery.DiscoveryClient - Application is null : false
2026-02-05 22:39:21 INFO  com.netflix.discovery.DiscoveryClient - Registered Applications size is zero : true
2026-02-05 22:39:21 INFO  com.netflix.discovery.DiscoveryClient - Application version is -1: true
2026-02-05 22:39:21 INFO  com.netflix.discovery.DiscoveryClient - Getting all instance registry info from the eureka server
2026-02-05 22:39:21 INFO  com.netflix.discovery.DiscoveryClient - The response status is 200
2026-02-05 22:39:21 INFO  com.netflix.discovery.DiscoveryClient - Starting heartbeat executor: renew interval is: 30
2026-02-05 22:39:21 INFO  com.netflix.discovery.InstanceInfoReplicator - InstanceInfoReplicator onDemand update allowed rate per min is 4
2026-02-05 22:39:21 INFO  com.netflix.discovery.DiscoveryClient - Discovery Client initialized at timestamp 1770311361654 with initial instances count: 3
2026-02-05 22:39:21 INFO  org.springframework.cloud.netflix.eureka.serviceregistry.EurekaServiceRegistry - Registering application PAYMENT-SERVICE with eureka with status UP
2026-02-05 22:39:21 INFO  com.netflix.discovery.DiscoveryClient - Saw local status change event StatusChangeEvent [timestamp=1770311361660, current=UP, previous=STARTING]
2026-02-05 22:39:21 INFO  org.apache.coyote.http11.Http11NioProtocol - Starting ProtocolHandler ["http-nio-8090"]
2026-02-05 22:39:21 INFO  com.netflix.discovery.DiscoveryClient - DiscoveryClient_PAYMENT-SERVICE/host.docker.internal:payment-service:8090: registering service...
2026-02-05 22:39:21 INFO  org.springframework.boot.web.embedded.tomcat.TomcatWebServer - Tomcat started on port 8090 (http) with context path '/'
2026-02-05 22:39:21 INFO  org.springframework.cloud.netflix.eureka.serviceregistry.EurekaAutoServiceRegistration - Updating port to 8090
2026-02-05 22:39:21 INFO  com.netflix.discovery.DiscoveryClient - DiscoveryClient_PAYMENT-SERVICE/host.docker.internal:payment-service:8090 - registration status: 204
2026-02-05 22:39:22 INFO  com.example.paymentapp.PaymentappApplication - Started PaymentappApplication in 3.903 seconds (process running for 4.775)
2026-02-05 22:39:48 INFO  org.apache.catalina.core.ContainerBase.[Tomcat].[localhost].[/] - Initializing Spring DispatcherServlet 'dispatcherServlet'
2026-02-05 22:39:48 INFO  org.springframework.web.servlet.DispatcherServlet - Initializing Servlet 'dispatcherServlet'
2026-02-05 22:39:48 INFO  org.springframework.web.servlet.DispatcherServlet - Completed initialization in 0 ms
2026-02-05 22:39:48 INFO  com.example.paymentapp.PaymentController - key_id: rzp_test_SCWs4s4ZzUDkPC
2026-02-05 22:40:17 INFO  com.example.paymentapp.PaymentController - verify_signature is called
2026-02-05 22:44:21 INFO  com.netflix.discovery.shared.resolver.aws.ConfigClusterResolver - Resolving eureka endpoints via configuration
2026-02-05 22:49:21 INFO  com.netflix.discovery.shared.resolver.aws.ConfigClusterResolver - Resolving eureka endpoints via configuration
2026-02-05 22:51:52 INFO  com.example.paymentapp.PaymentController - key_id: rzp_test_SCWs4s4ZzUDkPC
2026-02-05 22:52:12 INFO  com.example.paymentapp.PaymentController - verify_signature is called
2026-02-05 22:54:21 INFO  com.netflix.discovery.shared.resolver.aws.ConfigClusterResolver - Resolving eureka endpoints via configuration
2026-02-05 22:59:21 INFO  com.netflix.discovery.shared.resolver.aws.ConfigClusterResolver - Resolving eureka endpoints via configuration
2026-02-05 23:04:21 INFO  com.netflix.discovery.shared.resolver.aws.ConfigClusterResolver - Resolving eureka endpoints via configuration
2026-02-05 23:09:21 INFO  com.netflix.discovery.shared.resolver.aws.ConfigClusterResolver - Resolving eureka endpoints via configuration
2026-02-05 23:14:21 INFO  com.netflix.discovery.shared.resolver.aws.ConfigClusterResolver - Resolving eureka endpoints via configuration
2026-02-05 23:19:21 INFO  com.netflix.discovery.shared.resolver.aws.ConfigClusterResolver - Resolving eureka endpoints via configuration
2026-02-05 23:24:21 INFO  com.netflix.discovery.shared.resolver.aws.ConfigClusterResolver - Resolving eureka endpoints via configuration
2026-02-05 23:29:21 INFO  com.netflix.discovery.shared.resolver.aws.ConfigClusterResolver - Resolving eureka endpoints via configuration
2026-02-05 23:34:21 INFO  com.netflix.discovery.shared.resolver.aws.ConfigClusterResolver - Resolving eureka endpoints via configuration
2026-02-05 23:37:45 INFO  com.example.paymentapp.PaymentController - key_id: rzp_test_SCWs4s4ZzUDkPC
2026-02-05 23:38:06 INFO  com.example.paymentapp.PaymentController - verify_signature is called
2026-02-05 23:39:21 INFO  com.netflix.discovery.shared.resolver.aws.ConfigClusterResolver - Resolving eureka endpoints via configuration
2026-02-05 23:44:21 INFO  com.netflix.discovery.shared.resolver.aws.ConfigClusterResolver - Resolving eureka endpoints via configuration
2026-02-05 23:46:30 INFO  com.example.paymentapp.PaymentController - key_id: rzp_test_SCWs4s4ZzUDkPC
2026-02-05 23:46:50 INFO  com.example.paymentapp.PaymentController - verify_signature is called
2026-02-05 23:49:21 INFO  com.netflix.discovery.shared.resolver.aws.ConfigClusterResolver - Resolving eureka endpoints via configuration
2026-02-05 23:54:21 INFO  com.netflix.discovery.shared.resolver.aws.ConfigClusterResolver - Resolving eureka endpoints via configuration
2026-02-05 23:55:51 INFO  com.example.paymentapp.PaymentController - key_id: rzp_test_SCWs4s4ZzUDkPC
2026-02-05 23:56:10 INFO  com.example.paymentapp.PaymentController - verify_signature is called
2026-02-05 23:59:21 INFO  com.netflix.discovery.shared.resolver.aws.ConfigClusterResolver - Resolving eureka endpoints via configuration
2026-02-05 23:59:57 INFO  com.example.paymentapp.PaymentController - key_id: rzp_test_SCWs4s4ZzUDkPC
